  Texture.cpp
D:\Study\OpenGL\OpenGL_Learn\MyOpenGL\src\Renderer.h(2,9): fatal  error C1083: 无法打开包括文件: “GL/glew.h”: No such file or directory
  Application.cpp
D:\Study\OpenGL\OpenGL_Learn\MyOpenGL\src\Application.cpp(1,10): fatal  error C1083: 无法打开包括文件: “GL/glew.h”: No such file or directory
  IndexBuffer.cpp
D:\Study\OpenGL\OpenGL_Learn\MyOpenGL\src\Renderer.h(2,9): fatal  error C1083: 无法打开包括文件: “GL/glew.h”: No such file or directory
  Renderer.cpp
D:\Study\OpenGL\OpenGL_Learn\MyOpenGL\src\Renderer.h(2,9): fatal  error C1083: 无法打开包括文件: “GL/glew.h”: No such file or directory
  Shader.cpp
D:\Study\OpenGL\OpenGL_Learn\MyOpenGL\src\Shader.h(4,10): fatal  error C1083: 无法打开包括文件: “glm/glm.hpp”: No such file or directory
  imgui.cpp
  imgui_demo.cpp
  imgui_draw.cpp
  imgui_impl_glfw_gl3.cpp
D:\Study\OpenGL\OpenGL_Learn\MyOpenGL\src\vendor\imgui\imgui_impl_glfw_gl3.cpp(44,10): fatal  error C1083: 无法打开包括文件: “GL/glew.h”: No such file or directory
  stb_image.cpp
  VertexArray.cpp
D:\Study\OpenGL\OpenGL_Learn\MyOpenGL\src\VerTexBufferLayout.h(4,10): fatal  error C1083: 无法打开包括文件: “GL/glew.h”: No such file or directory
  VertexBuffer.cpp
D:\Study\OpenGL\OpenGL_Learn\MyOpenGL\src\Renderer.h(2,9): fatal  error C1083: 无法打开包括文件: “GL/glew.h”: No such file or directory
  VerTexBufferLayout.cpp
D:\Study\OpenGL\OpenGL_Learn\MyOpenGL\src\VerTexBufferLayout.h(4,10): fatal  error C1083: 无法打开包括文件: “GL/glew.h”: No such file or directory
  正在生成代码...
