d:\study\opengl\opengl_learn\myopengl\debug\vc143.pdb
d:\study\opengl\opengl_learn\myopengl\debug\vc143.idb
d:\study\opengl\opengl_learn\myopengl\debug\vertexbufferlayout.obj
d:\study\opengl\opengl_learn\myopengl\debug\vertexbuffer.obj
d:\study\opengl\opengl_learn\myopengl\debug\vertexarray.obj
d:\study\opengl\opengl_learn\myopengl\debug\stb_image.obj
d:\study\opengl\opengl_learn\myopengl\debug\imgui_impl_glfw_gl3.obj
d:\study\opengl\opengl_learn\myopengl\debug\imgui_draw.obj
d:\study\opengl\opengl_learn\myopengl\debug\imgui_demo.obj
d:\study\opengl\opengl_learn\myopengl\debug\imgui.obj
d:\study\opengl\opengl_learn\myopengl\debug\shader.obj
d:\study\opengl\opengl_learn\myopengl\debug\renderer.obj
d:\study\opengl\opengl_learn\myopengl\debug\indexbuffer.obj
d:\study\opengl\opengl_learn\myopengl\debug\application.obj
d:\study\opengl\opengl_learn\myopengl\debug\texture.obj
d:\study\opengl\opengl_learn\myopengl\debug\testclearcolor.obj
d:\study\opengl\opengl_learn\myopengl\debug\test.obj
d:\study\opengl\opengl_learn\debug\myopengl.pdb
d:\study\opengl\opengl_learn\myopengl\debug\myopengl.tlog\cl.command.1.tlog
d:\study\opengl\opengl_learn\myopengl\debug\myopengl.tlog\cl.read.1.tlog
d:\study\opengl\opengl_learn\myopengl\debug\myopengl.tlog\cl.write.1.tlog
d:\study\opengl\opengl_learn\myopengl\debug\myopengl.tlog\link-cvtres.read.1.tlog
d:\study\opengl\opengl_learn\myopengl\debug\myopengl.tlog\link-cvtres.write.1.tlog
d:\study\opengl\opengl_learn\myopengl\debug\myopengl.tlog\link-rc.read.1.tlog
d:\study\opengl\opengl_learn\myopengl\debug\myopengl.tlog\link-rc.write.1.tlog
d:\study\opengl\opengl_learn\myopengl\debug\myopengl.tlog\link.command.1.tlog
d:\study\opengl\opengl_learn\myopengl\debug\myopengl.tlog\link.read.1.tlog
d:\study\opengl\opengl_learn\myopengl\debug\myopengl.tlog\link.write.1.tlog
